2022-12-07T14:07:53.216+0700 INFO Starting HrmToolApplication using Java 17.0.5 on DESKTOP-4I46LOQ with PID 6400 (F:\Project\hrm-tool\target\classes started by minhp in F:\Project\hrm-tool)
2022-12-07T14:07:53.223+0700 INFO The following 1 profile is active: "local"
2022-12-07T14:07:58.492+0700 INFO bucket with name : vatek has been created
2022-12-07T14:08:09.513+0700 INFO Starting HrmToolApplication using Java 17.0.5 on DESKTOP-4I46LOQ with PID 17056 (F:\Project\hrm-tool\target\classes started by minhp in F:\Project\hrm-tool)
2022-12-07T14:08:09.520+0700 INFO The following 1 profile is active: "local"
2022-12-07T14:08:14.802+0700 INFO bucket with name : vatek has been created
2022-12-07T14:11:36.113+0700 INFO Starting HrmToolApplication using Java 17.0.5 on DESKTOP-4I46LOQ with PID 6908 (F:\Project\hrm-tool\target\classes started by minhp in F:\Project\hrm-tool)
2022-12-07T14:11:36.119+0700 INFO The following 1 profile is active: "local"
2022-12-07T14:11:41.469+0700 INFO bucket with name : vatek has been created
2022-12-07T14:12:06.533+0700 INFO Starting HrmToolApplication using Java 17.0.5 on DESKTOP-4I46LOQ with PID 27264 (F:\Project\hrm-tool\target\classes started by minhp in F:\Project\hrm-tool)
2022-12-07T14:12:06.540+0700 INFO The following 1 profile is active: "local"
2022-12-07T14:12:11.991+0700 INFO bucket with name : vatek has been created
2022-12-07T14:13:33.616+0700 INFO Starting HrmToolApplication using Java 17.0.5 on DESKTOP-4I46LOQ with PID 3448 (F:\Project\hrm-tool\target\classes started by minhp in F:\Project\hrm-tool)
2022-12-07T14:13:33.623+0700 INFO The following 1 profile is active: "local"
2022-12-07T14:13:38.842+0700 INFO bucket with name : vatek has been created
2022-12-07T14:14:28.021+0700 INFO Starting HrmToolApplication using Java 17.0.5 on DESKTOP-4I46LOQ with PID 23740 (F:\Project\hrm-tool\target\classes started by minhp in F:\Project\hrm-tool)
2022-12-07T14:14:28.028+0700 INFO The following 1 profile is active: "local"
2022-12-07T14:14:33.214+0700 INFO bucket with name : vatek has been created
2022-12-07T14:14:54.667+0700 INFO Starting HrmToolApplication using Java 17.0.5 on DESKTOP-4I46LOQ with PID 20060 (F:\Project\hrm-tool\target\classes started by minhp in F:\Project\hrm-tool)
2022-12-07T14:14:54.675+0700 INFO The following 1 profile is active: "local"
2022-12-07T14:15:00.290+0700 INFO bucket with name : vatek has been created
2022-12-07T14:31:43.459+0700 INFO Starting HrmToolApplication using Java 17.0.5 on DESKTOP-4I46LOQ with PID 22364 (F:\Project\hrm-tool\target\classes started by minhp in F:\Project\hrm-tool)
2022-12-07T14:31:43.466+0700 INFO The following 1 profile is active: "local"
2022-12-07T14:31:48.757+0700 INFO bucket with name : vatek has been created
2022-12-07T14:32:10.988+0700 INFO Starting HrmToolApplication using Java 17.0.5 on DESKTOP-4I46LOQ with PID 2772 (F:\Project\hrm-tool\target\classes started by minhp in F:\Project\hrm-tool)
2022-12-07T14:32:10.997+0700 INFO The following 1 profile is active: "local"
2022-12-07T14:32:16.721+0700 INFO bucket with name : vatek has been created
2022-12-07T14:32:19.565+0700 INFO Started HrmToolApplication in 9.008 seconds (JVM running for 10.252)
2022-12-07T14:32:19.569+0700 INFO Clear Token After Start Application : clear Token
2022-12-07T14:32:19.704+0700 INFO TimeZone : sun.util.calendar.ZoneInfo[id="UTC",offset=0,dstSavings=0,useDaylight=false,transitions=0,lastRule=null] , Instant : 2022-12-07T07:32:19.704445800Z , Timestamp : 2022-12-07T07:32:19.704+0000
2022-12-07T14:55:34.948+0700 INFO Starting HrmToolApplication using Java 17.0.5 on DESKTOP-4I46LOQ with PID 16980 (F:\Project\hrm-tool\target\classes started by minhp in F:\Project\hrm-tool)
2022-12-07T14:55:34.955+0700 INFO The following 1 profile is active: "local"
2022-12-07T14:57:50.006+0700 INFO Starting HrmToolApplication using Java 17.0.5 on DESKTOP-4I46LOQ with PID 10052 (F:\Project\hrm-tool\target\classes started by minhp in F:\Project\hrm-tool)
2022-12-07T14:57:50.013+0700 INFO The following 1 profile is active: "local"
2022-12-07T14:57:55.047+0700 INFO bucket with name : vatek has been created
2022-12-07T14:57:57.302+0700 INFO Started HrmToolApplication in 7.632 seconds (JVM running for 8.64)
2022-12-07T14:57:57.306+0700 INFO TimeZone : sun.util.calendar.ZoneInfo[id="UTC",offset=0,dstSavings=0,useDaylight=false,transitions=0,lastRule=null] , Instant : 2022-12-07T07:57:57.305955300Z , Timestamp : 2022-12-07T07:57:57.306+0000
2022-12-07T14:57:57.307+0700 INFO Clear Token After Start Application : clear Token
2022-12-07T15:55:24.320+0700 INFO Starting HrmToolApplication using Java 17.0.5 on DESKTOP-4I46LOQ with PID 24268 (F:\Project\hrm-tool\target\classes started by minhp in F:\Project\hrm-tool)
2022-12-07T15:55:24.330+0700 INFO The following 1 profile is active: "local"
2022-12-07T15:55:29.767+0700 INFO bucket with name : vatek has been created
2022-12-07T15:56:24.020+0700 INFO Starting HrmToolApplication using Java 17.0.5 on DESKTOP-4I46LOQ with PID 11388 (F:\Project\hrm-tool\target\classes started by minhp in F:\Project\hrm-tool)
2022-12-07T15:56:24.026+0700 INFO The following 1 profile is active: "local"
2022-12-07T15:56:28.703+0700 INFO bucket with name : vatek has been created
2022-12-07T15:56:31.314+0700 INFO Started HrmToolApplication in 7.61 seconds (JVM running for 8.647)
2022-12-07T15:56:31.319+0700 INFO TimeZone : sun.util.calendar.ZoneInfo[id="UTC",offset=0,dstSavings=0,useDaylight=false,transitions=0,lastRule=null] , Instant : 2022-12-07T08:56:31.319430500Z , Timestamp : 2022-12-07T08:56:31.319+0000
2022-12-07T15:56:31.321+0700 INFO Clear Token After Start Application : clear Token
2022-12-07T16:05:45.282+0700 INFO Starting HrmToolApplication using Java 17.0.5 on DESKTOP-4I46LOQ with PID 22312 (F:\Project\hrm-tool\target\classes started by minhp in F:\Project\hrm-tool)
2022-12-07T16:05:45.288+0700 INFO The following 1 profile is active: "local"
2022-12-07T16:05:49.965+0700 INFO bucket with name : vatek has been created
2022-12-07T16:05:52.320+0700 INFO Started HrmToolApplication in 7.352 seconds (JVM running for 8.407)
2022-12-07T16:05:52.324+0700 INFO TimeZone : sun.util.calendar.ZoneInfo[id="UTC",offset=0,dstSavings=0,useDaylight=false,transitions=0,lastRule=null] , Instant : 2022-12-07T09:05:52.324336600Z , Timestamp : 2022-12-07T09:05:52.324+0000
2022-12-07T16:05:52.325+0700 INFO Clear Token After Start Application : clear Token
2022-12-07T16:15:42.435+0700 INFO Starting HrmToolApplication using Java 17.0.5 on DESKTOP-4I46LOQ with PID 4888 (F:\Project\hrm-tool\target\classes started by minhp in F:\Project\hrm-tool)
2022-12-07T16:15:42.441+0700 INFO The following 1 profile is active: "local"
2022-12-07T16:15:47.348+0700 INFO bucket with name : vatek has been created
2022-12-07T16:15:49.758+0700 INFO Started HrmToolApplication in 7.64 seconds (JVM running for 8.726)
2022-12-07T16:15:49.761+0700 INFO Clear Token After Start Application : clear Token
2022-12-07T16:15:49.799+0700 INFO TimeZone : sun.util.calendar.ZoneInfo[id="UTC",offset=0,dstSavings=0,useDaylight=false,transitions=0,lastRule=null] , Instant : 2022-12-07T09:15:49.799169500Z , Timestamp : 2022-12-07T09:15:49.799+0000
2022-12-07T16:22:59.754+0700 INFO Starting HrmToolApplication using Java 17.0.5 on DESKTOP-4I46LOQ with PID 13320 (F:\Project\hrm-tool\target\classes started by minhp in F:\Project\hrm-tool)
2022-12-07T16:22:59.761+0700 INFO The following 1 profile is active: "local"
2022-12-07T16:23:04.487+0700 INFO bucket with name : vatek has been created
2022-12-07T16:23:06.955+0700 INFO Started HrmToolApplication in 7.532 seconds (JVM running for 8.559)
2022-12-07T16:23:06.958+0700 INFO Clear Token After Start Application : clear Token
2022-12-07T16:23:06.992+0700 INFO TimeZone : sun.util.calendar.ZoneInfo[id="UTC",offset=0,dstSavings=0,useDaylight=false,transitions=0,lastRule=null] , Instant : 2022-12-07T09:23:06.991278800Z , Timestamp : 2022-12-07T09:23:06.991+0000
2022-12-07T16:23:15.573+0700 INFO Starting HrmToolApplication using Java 17.0.5 on DESKTOP-4I46LOQ with PID 2452 (F:\Project\hrm-tool\target\classes started by minhp in F:\Project\hrm-tool)
2022-12-07T16:23:15.580+0700 INFO The following 1 profile is active: "local"
2022-12-07T16:23:20.597+0700 INFO bucket with name : vatek has been created
2022-12-07T16:23:23.052+0700 INFO Started HrmToolApplication in 7.799 seconds (JVM running for 8.884)
2022-12-07T16:23:23.055+0700 INFO TimeZone : sun.util.calendar.ZoneInfo[id="UTC",offset=0,dstSavings=0,useDaylight=false,transitions=0,lastRule=null] , Instant : 2022-12-07T09:23:23.055686100Z , Timestamp : 2022-12-07T09:23:23.055+0000
2022-12-07T16:23:23.056+0700 INFO Clear Token After Start Application : clear Token
2022-12-07T16:27:43.368+0700 INFO Starting HrmToolApplication using Java 17.0.5 on DESKTOP-4I46LOQ with PID 8956 (F:\Project\hrm-tool\target\classes started by minhp in F:\Project\hrm-tool)
2022-12-07T16:27:43.375+0700 INFO The following 1 profile is active: "local"
2022-12-07T16:29:39.305+0700 INFO Starting HrmToolApplication using Java 17.0.5 on DESKTOP-4I46LOQ with PID 12684 (F:\Project\hrm-tool\target\classes started by minhp in F:\Project\hrm-tool)
2022-12-07T16:29:39.314+0700 INFO The following 1 profile is active: "local"
2022-12-07T16:29:44.105+0700 INFO bucket with name : vatek has been created
2022-12-07T16:29:46.486+0700 INFO Started HrmToolApplication in 7.534 seconds (JVM running for 8.688)
2022-12-07T16:29:46.489+0700 INFO TimeZone : sun.util.calendar.ZoneInfo[id="UTC",offset=0,dstSavings=0,useDaylight=false,transitions=0,lastRule=null] , Instant : 2022-12-07T09:29:46.489171500Z , Timestamp : 2022-12-07T09:29:46.489+0000
2022-12-07T16:29:46.490+0700 INFO Clear Token After Start Application : clear Token
2022-12-07T09:31:15.064+0000 INFO Starting HrmToolApplication using Java 17.0.5 on DESKTOP-4I46LOQ with PID 12684 (F:\Project\hrm-tool\target\classes started by minhp in F:\Project\hrm-tool)
2022-12-07T09:31:15.065+0000 INFO The following 1 profile is active: "local"
2022-12-07T09:31:16.792+0000 INFO bucket with name : vatek has been created
2022-12-07T09:31:17.452+0000 INFO Started HrmToolApplication in 2.443 seconds (JVM running for 99.655)
2022-12-07T09:31:17.456+0000 INFO TimeZone : sun.util.calendar.ZoneInfo[id="UTC",offset=0,dstSavings=0,useDaylight=false,transitions=0,lastRule=null] , Instant : 2022-12-07T09:31:17.456686600Z , Timestamp : 2022-12-07T09:31:17.456+0000
2022-12-07T09:31:17.457+0000 INFO Clear Token After Start Application : clear Token
2022-12-07T16:31:28.633+0700 INFO Starting HrmToolApplication using Java 17.0.5 on DESKTOP-4I46LOQ with PID 20724 (F:\Project\hrm-tool\target\classes started by minhp in F:\Project\hrm-tool)
2022-12-07T16:31:28.642+0700 INFO The following 1 profile is active: "local"
2022-12-07T16:31:33.861+0700 INFO bucket with name : vatek has been created
2022-12-07T16:31:36.360+0700 INFO Started HrmToolApplication in 8.136 seconds (JVM running for 9.368)
2022-12-07T16:31:36.365+0700 INFO TimeZone : sun.util.calendar.ZoneInfo[id="UTC",offset=0,dstSavings=0,useDaylight=false,transitions=0,lastRule=null] , Instant : 2022-12-07T09:31:36.365584900Z , Timestamp : 2022-12-07T09:31:36.365+0000
2022-12-07T16:31:36.367+0700 INFO Clear Token After Start Application : clear Token
2022-12-07T16:34:57.349+0700 INFO Starting HrmToolApplication using Java 17.0.5 on DESKTOP-4I46LOQ with PID 25156 (F:\Project\hrm-tool\target\classes started by minhp in F:\Project\hrm-tool)
2022-12-07T16:34:57.357+0700 INFO The following 1 profile is active: "local"
2022-12-07T16:35:02.149+0700 INFO bucket with name : vatek has been created
2022-12-07T16:35:04.544+0700 INFO Started HrmToolApplication in 7.53 seconds (JVM running for 8.674)
2022-12-07T16:35:04.547+0700 INFO TimeZone : sun.util.calendar.ZoneInfo[id="UTC",offset=0,dstSavings=0,useDaylight=false,transitions=0,lastRule=null] , Instant : 2022-12-07T09:35:04.547406Z , Timestamp : 2022-12-07T09:35:04.547+0000
2022-12-07T16:35:04.548+0700 INFO Clear Token After Start Application : clear Token
2022-12-07T16:35:36.122+0700 INFO Starting HrmToolApplication using Java 17.0.5 on DESKTOP-4I46LOQ with PID 25940 (F:\Project\hrm-tool\target\classes started by minhp in F:\Project\hrm-tool)
2022-12-07T16:35:36.130+0700 INFO The following 1 profile is active: "local"
2022-12-07T16:35:41.012+0700 INFO bucket with name : vatek has been created
2022-12-07T16:35:43.519+0700 INFO Started HrmToolApplication in 7.721 seconds (JVM running for 8.819)
2022-12-07T16:35:43.523+0700 INFO TimeZone : sun.util.calendar.ZoneInfo[id="UTC",offset=0,dstSavings=0,useDaylight=false,transitions=0,lastRule=null] , Instant : 2022-12-07T09:35:43.522628600Z , Timestamp : 2022-12-07T09:35:43.522+0000
2022-12-07T16:35:43.524+0700 INFO Clear Token After Start Application : clear Token
2022-12-07T16:36:13.163+0700 INFO Starting HrmToolApplication using Java 17.0.5 on DESKTOP-4I46LOQ with PID 2372 (F:\Project\hrm-tool\target\classes started by minhp in F:\Project\hrm-tool)
2022-12-07T16:36:13.170+0700 INFO The following 1 profile is active: "local"
2022-12-07T16:36:17.865+0700 INFO bucket with name : vatek has been created
2022-12-07T16:36:20.194+0700 INFO Started HrmToolApplication in 7.358 seconds (JVM running for 8.395)
2022-12-07T16:36:20.197+0700 INFO TimeZone : sun.util.calendar.ZoneInfo[id="UTC",offset=0,dstSavings=0,useDaylight=false,transitions=0,lastRule=null] , Instant : 2022-12-07T09:36:20.197987800Z , Timestamp : 2022-12-07T09:36:20.197+0000
2022-12-07T16:36:20.198+0700 INFO Clear Token After Start Application : clear Token
2022-12-07T16:50:24.757+0700 INFO Starting HrmToolApplication using Java 17.0.5 on DESKTOP-4I46LOQ with PID 25700 (F:\Project\hrm-tool\target\classes started by minhp in F:\Project\hrm-tool)
2022-12-07T16:50:24.764+0700 INFO The following 1 profile is active: "local"
2022-12-07T16:50:29.890+0700 INFO bucket with name : vatek has been created
2022-12-07T16:50:32.283+0700 INFO Started HrmToolApplication in 7.86 seconds (JVM running for 8.905)
2022-12-07T16:50:32.287+0700 INFO TimeZone : sun.util.calendar.ZoneInfo[id="UTC",offset=0,dstSavings=0,useDaylight=false,transitions=0,lastRule=null] , Instant : 2022-12-07T09:50:32.286058500Z , Timestamp : 2022-12-07T09:50:32.287+0000
2022-12-07T16:50:32.288+0700 INFO Clear Token After Start Application : clear Token
2022-12-07T16:53:45.485+0700 INFO Starting HrmToolApplication using Java 17.0.5 on DESKTOP-4I46LOQ with PID 26896 (F:\Project\hrm-tool\target\classes started by minhp in F:\Project\hrm-tool)
2022-12-07T16:53:45.494+0700 INFO The following 1 profile is active: "local"
2022-12-07T16:53:50.613+0700 INFO bucket with name : vatek has been created
2022-12-07T16:53:53.029+0700 INFO Started HrmToolApplication in 7.907 seconds (JVM running for 9.078)
2022-12-07T16:53:53.032+0700 INFO TimeZone : sun.util.calendar.ZoneInfo[id="UTC",offset=0,dstSavings=0,useDaylight=false,transitions=0,lastRule=null] , Instant : 2022-12-07T09:53:53.032971900Z , Timestamp : 2022-12-07T09:53:53.032+0000
2022-12-07T16:53:53.033+0700 INFO Clear Token After Start Application : clear Token
2022-12-07T16:55:42.547+0700 INFO Starting HrmToolApplication using Java 17.0.5 on DESKTOP-4I46LOQ with PID 18136 (F:\Project\hrm-tool\target\classes started by minhp in F:\Project\hrm-tool)
2022-12-07T16:55:42.554+0700 INFO The following 1 profile is active: "local"
2022-12-07T16:55:47.485+0700 INFO bucket with name : vatek has been created
2022-12-07T16:55:50.214+0700 INFO Started HrmToolApplication in 8.005 seconds (JVM running for 9.273)
2022-12-07T16:55:50.218+0700 INFO Clear Token After Start Application : clear Token
2022-12-07T16:55:50.267+0700 INFO TimeZone : sun.util.calendar.ZoneInfo[id="UTC",offset=0,dstSavings=0,useDaylight=false,transitions=0,lastRule=null] , Instant : 2022-12-07T09:55:50.267370900Z , Timestamp : 2022-12-07T09:55:50.267+0000
2022-12-07T17:00:36.779+0700 INFO Starting HrmToolApplication using Java 17.0.5 on DESKTOP-4I46LOQ with PID 15248 (F:\Project\hrm-tool\target\classes started by minhp in F:\Project\hrm-tool)
2022-12-07T17:00:36.790+0700 INFO The following 1 profile is active: "local"
2022-12-07T17:00:41.886+0700 INFO bucket with name : vatek has been created
2022-12-07T17:00:44.684+0700 INFO Started HrmToolApplication in 8.284 seconds (JVM running for 9.621)
2022-12-07T17:00:44.687+0700 INFO Clear Token After Start Application : clear Token
2022-12-07T17:00:44.738+0700 INFO TimeZone : sun.util.calendar.ZoneInfo[id="UTC",offset=0,dstSavings=0,useDaylight=false,transitions=0,lastRule=null] , Instant : 2022-12-07T10:00:44.737052500Z , Timestamp : 2022-12-07T10:00:44.738+0000
2022-12-07T17:01:59.538+0700 INFO start send email not attach file to: mark.pham@vatek.asia; subject: Confirm your email address on Spring Boot App;
2022-12-07T17:02:03.804+0700 INFO end send email not attach file to: mark.pham@vatek.asia; subject: Confirm your email address on Spring Boot App;
