2022-12-12T14:58:49.437+0700 INFO Starting HrmToolApplication using Java 17.0.5 on DESKTOP-4I46LOQ with PID 5580 (F:\Project\hrm-tool\target\classes started by minhp in F:\Project\hrm-tool)
2022-12-12T14:58:49.462+0700 INFO The following 1 profile is active: "local"
2022-12-12T15:01:33.494+0700 INFO Starting HrmToolApplication using Java 17.0.5 on DESKTOP-4I46LOQ with PID 12164 (F:\Project\hrm-tool\target\classes started by minhp in F:\Project\hrm-tool)
2022-12-12T15:01:33.504+0700 INFO The following 1 profile is active: "local"
2022-12-12T15:02:51.072+0700 INFO Starting HrmToolApplication using Java 17.0.5 on DESKTOP-4I46LOQ with PID 19236 (F:\Project\hrm-tool\target\classes started by minhp in F:\Project\hrm-tool)
2022-12-12T15:02:51.080+0700 INFO The following 1 profile is active: "local"
2022-12-12T15:02:56.264+0700 INFO bucket with name : vatek has been created
2022-12-12T15:02:58.898+0700 INFO Started HrmToolApplication in 8.156 seconds (JVM running for 9.291)
2022-12-12T15:02:58.901+0700 INFO Clear Token After Start Application : clear Token
2022-12-12T15:02:58.957+0700 INFO TimeZone : sun.util.calendar.ZoneInfo[id="UTC",offset=0,dstSavings=0,useDaylight=false,transitions=0,lastRule=null] , Instant : 2022-12-12T08:02:58.956935800Z , Timestamp : 2022-12-12T08:02:58.956+0000
2022-12-12T15:03:41.058+0700 INFO Starting HrmToolApplication using Java 17.0.5 on DESKTOP-4I46LOQ with PID 11724 (F:\Project\hrm-tool\target\classes started by minhp in F:\Project\hrm-tool)
2022-12-12T15:03:41.070+0700 INFO The following 1 profile is active: "local"
2022-12-12T15:03:46.380+0700 INFO bucket with name : vatek has been created
2022-12-12T15:03:49.065+0700 INFO Started HrmToolApplication in 8.594 seconds (JVM running for 10.576)
2022-12-12T15:03:49.068+0700 INFO Clear Token After Start Application : clear Token
2022-12-12T15:03:49.109+0700 INFO TimeZone : sun.util.calendar.ZoneInfo[id="UTC",offset=0,dstSavings=0,useDaylight=false,transitions=0,lastRule=null] , Instant : 2022-12-12T08:03:49.109260700Z , Timestamp : 2022-12-12T08:03:49.109+0000
2022-12-12T08:26:18.666+0000 INFO Starting HrmToolApplication using Java 17.0.5 on DESKTOP-4I46LOQ with PID 11724 (F:\Project\hrm-tool\target\classes started by minhp in F:\Project\hrm-tool)
2022-12-12T08:26:18.666+0000 INFO The following 1 profile is active: "local"
2022-12-12T15:26:18.795+0700 INFO Starting HrmToolApplication using Java 17.0.5 on DESKTOP-4I46LOQ with PID 11232 (F:\Project\hrm-tool\target\classes started by minhp in F:\Project\hrm-tool)
2022-12-12T15:26:18.803+0700 INFO The following 1 profile is active: "local"
2022-12-12T08:26:20.713+0000 INFO bucket with name : vatek has been created
2022-12-12T08:26:21.590+0000 INFO Started HrmToolApplication in 2.989 seconds (JVM running for 1363.1)
2022-12-12T08:26:21.592+0000 INFO Clear Token After Start Application : clear Token
2022-12-12T08:26:21.610+0000 INFO TimeZone : sun.util.calendar.ZoneInfo[id="UTC",offset=0,dstSavings=0,useDaylight=false,transitions=0,lastRule=null] , Instant : 2022-12-12T08:26:21.610343800Z , Timestamp : 2022-12-12T08:26:21.610+0000
2022-12-12T15:26:24.026+0700 INFO bucket with name : vatek has been created
